Log file open, 11/14/21 17:18:46
LogWindows: Failed to load 'aqProf.dll' (GetLastError=126)
LogWindows: File 'aqProf.dll' does not exist
LogWindows: Failed to load 'VtuneApi.dll' (GetLastError=126)
LogWindows: File 'VtuneApi.dll' does not exist
LogWindows: Failed to load 'VtuneApi32e.dll' (GetLastError=126)
LogWindows: File 'VtuneApi32e.dll' does not exist
LogConsoleResponse: Display: Failed to find resolution value strings in scalability ini. Falling back to default.
LogInit: Display: Running engine for game: MultiplayerGame
LogPakFile: Registered encryption key '00000000000000000000000000000000': 0 pak files mounted, 0 remain pending
LogPlatformFile: Not using cached read wrapper
LogTaskGraph: Started task graph with 5 named threads and 71 total threads with 3 sets of task threads.
LogStats: Stats thread started at 1.091869
LogD3D11RHI: Loaded GFSDK_Aftermath_Lib.x64.dll
LogICUInternationalization: ICU TimeZone Detection - Raw Offset: +5:30, Platform Override: ''
LogPluginManager: Mounting plugin Paper2D
LogPluginManager: Mounting plugin AISupport
LogPluginManager: Mounting plugin LightPropagationVolume
LogPluginManager: Mounting plugin ActorLayerUtilities
LogPluginManager: Mounting plugin AnimationSharing
LogPluginManager: Mounting plugin CLionSourceCodeAccess
LogPluginManager: Mounting plugin CodeLiteSourceCodeAccess
LogPluginManager: Mounting plugin GitSourceControl
LogPluginManager: Mounting plugin KDevelopSourceCodeAccess
LogPluginManager: Mounting plugin NullSourceCodeAccess
LogPluginManager: Mounting plugin PerforceSourceControl
LogPluginManager: Mounting plugin SubversionSourceControl
LogPluginManager: Mounting plugin UObjectPlugin
LogPluginManager: Mounting plugin VisualStudioCodeSourceCodeAccess
LogPluginManager: Mounting plugin VisualStudioSourceCodeAccess
LogPluginManager: Mounting plugin XCodeSourceCodeAccess
LogPluginManager: Mounting plugin AssetManagerEditor
LogPluginManager: Mounting plugin CryptoKeys
LogPluginManager: Mounting plugin DataValidation
LogPluginManager: Mounting plugin FacialAnimation
LogPluginManager: Mounting plugin GameplayTagsEditor
LogPluginManager: Mounting plugin MacGraphicsSwitching
LogPluginManager: Mounting plugin MaterialAnalyzer
LogPluginManager: Mounting plugin MobileLauncherProfileWizard
LogPluginManager: Mounting plugin PluginBrowser
LogPluginManager: Mounting plugin SpeedTreeImporter
LogPluginManager: Mounting plugin DatasmithContent
LogPluginManager: Mounting plugin VariantManagerContent
LogPluginManager: Mounting plugin AlembicImporter
LogPluginManager: Mounting plugin AppleImageUtils
LogPluginManager: Mounting plugin AppleVision
LogPluginManager: Mounting plugin BackChannel
LogPluginManager: Mounting plugin CharacterAI
LogPluginManager: Mounting plugin GeometryCache
LogPluginManager: Mounting plugin HTML5Networking
LogPluginManager: Mounting plugin ProxyLODPlugin
LogPluginManager: Mounting plugin SkeletalReduction
LogPluginManager: Mounting plugin MagicLeap
LogPluginManager: Mounting plugin MagicLeapMedia
LogPluginManager: Mounting plugin AndroidMedia
LogPluginManager: Mounting plugin AvfMedia
LogPluginManager: Mounting plugin ImgMedia
LogPluginManager: Mounting plugin LinearTimecode
LogPluginManager: Mounting plugin MediaCompositing
LogPluginManager: Mounting plugin MediaPlayerEditor
LogPluginManager: Mounting plugin WebMMedia
LogPluginManager: Mounting plugin WmfMedia
LogPluginManager: Mounting plugin TcpMessaging
LogPluginManager: Mounting plugin UdpMessaging
LogPluginManager: Mounting plugin ActorSequence
LogPluginManager: Mounting plugin LevelSequenceEditor
LogPluginManager: Mounting plugin MatineeToLevelSequence
LogPluginManager: Mounting plugin NetcodeUnitTest
LogPluginManager: Mounting plugin NUTUnrealEngine4
LogPluginManager: Mounting plugin OnlineSubsystemGooglePlay
LogPluginManager: Mounting plugin OnlineSubsystemIOS
LogPluginManager: Mounting plugin OnlineSubsystem
LogPluginManager: Mounting plugin OnlineSubsystemNull
LogPluginManager: Mounting plugin OnlineSubsystemUtils
LogPluginManager: Mounting plugin LauncherChunkInstaller
LogPluginManager: Mounting plugin AndroidDeviceProfileSelector
LogPluginManager: Mounting plugin AndroidMoviePlayer
LogPluginManager: Mounting plugin AndroidPermission
LogPluginManager: Mounting plugin AppleMoviePlayer
LogPluginManager: Mounting plugin ArchVisCharacter
LogPluginManager: Mounting plugin AudioCapture
LogPluginManager: Mounting plugin CableComponent
LogPluginManager: Mounting plugin CustomMeshComponent
LogPluginManager: Mounting plugin EditableMesh
LogPluginManager: Mounting plugin ExampleDeviceProfileSelector
LogPluginManager: Mounting plugin Firebase
LogPluginManager: Mounting plugin GoogleCloudMessaging
LogPluginManager: Mounting plugin IOSDeviceProfileSelector
LogPluginManager: Mounting plugin LinuxDeviceProfileSelector
LogPluginManager: Mounting plugin LocationServicesBPLibrary
LogPluginManager: Mounting plugin MobilePatchingUtils
LogPluginManager: Mounting plugin OculusVR
LogPluginManager: Mounting plugin PhysXVehicles
LogPluginManager: Mounting plugin ProceduralMeshComponent
LogPluginManager: Mounting plugin RuntimePhysXCooking
LogPluginManager: Mounting plugin SignificanceManager
LogPluginManager: Mounting plugin SteamVR
LogPluginManager: Mounting plugin WebMMoviePlayer
LogPluginManager: Mounting plugin WindowsMoviePlayer
LogInit: Using libcurl 7.55.1-DEV
LogInit:  - built for x86_64-pc-win32
LogInit:  - supports SSL with OpenSSL/1.1.1
LogInit:  - supports HTTP deflate (compression) using libz 1.2.8
LogInit:  - other features:
LogInit:      CURL_VERSION_SSL
LogInit:      CURL_VERSION_LIBZ
LogInit:      CURL_VERSION_IPV6
LogInit:      CURL_VERSION_ASYNCHDNS
LogInit:      CURL_VERSION_LARGEFILE
LogInit:      CURL_VERSION_IDN
LogInit:  CurlRequestOptions (configurable via config and command line):
LogInit:  - bVerifyPeer = true  - Libcurl will verify peer certificate
LogInit:  - bUseHttpProxy = false  - Libcurl will NOT use HTTP proxy
LogInit:  - bDontReuseConnections = false  - Libcurl will reuse connections
LogInit:  - MaxHostConnections = 16  - Libcurl will limit the number of connections to a host
LogInit:  - LocalHostAddr = Default
LogInit:  - BufferSize = 65536
LogInit: WinSock: version 1.1 (2.2), MaxSocks=32767, MaxUdp=65467
LogInit: Build: ++UE4+Release-4.22-CL-7053642
LogInit: Engine Version: 4.22.3-7053642+++UE4+Release-4.22
LogInit: Compatible Engine Version: 4.22.0-5660361+++UE4+Release-4.22
LogInit: Net CL: 5660361
LogInit: OS: Windows 10 (Release 2009) (), CPU: AMD Ryzen 9 5900X 12-Core Processor            , GPU: NVIDIA GeForce RTX 3080
LogInit: Compiled (64-bit): Jun 18 2019 03:09:11
LogInit: Compiled with Visual C++: 19.16.27025.01
LogInit: Build Configuration: Development
LogInit: Branch Name: ++UE4+Release-4.22
LogInit: Command Line: 
LogInit: Base Directory: G:/EXTRA GAMES/UE_4.22/Engine/Binaries/Win64/
LogInit: Installed Engine Build: 1
LogDevObjectVersion: Number of dev versions registered: 23
LogDevObjectVersion:   Dev-Blueprints (B0D832E4-1F89-4F0D-ACCF-7EB736FD4AA2): 10
LogDevObjectVersion:   Dev-Build (E1C64328-A22C-4D53-A36C-8E866417BD8C): 0
LogDevObjectVersion:   Dev-Core (375EC13C-06E4-48FB-B500-84F0262A717E): 3
LogDevObjectVersion:   Dev-Editor (E4B068ED-F494-42E9-A231-DA0B2E46BB41): 30
LogDevObjectVersion:   Dev-Framework (CFFC743F-43B0-4480-9391-14DF171D2073): 35
LogDevObjectVersion:   Dev-Mobile (B02B49B5-BB20-44E9-A304-32B752E40360): 2
LogDevObjectVersion:   Dev-Networking (A4E4105C-59A1-49B5-A7C5-40C4547EDFEE): 0
LogDevObjectVersion:   Dev-Online (39C831C9-5AE6-47DC-9A44-9C173E1C8E7C): 0
LogDevObjectVersion:   Dev-Physics (78F01B33-EBEA-4F98-B9B4-84EACCB95AA2): 0
LogDevObjectVersion:   Dev-Platform (6631380F-2D4D-43E0-8009-CF276956A95A): 0
LogDevObjectVersion:   Dev-Rendering (12F88B9F-8875-4AFC-A67C-D90C383ABD29): 28
LogDevObjectVersion:   Dev-Sequencer (7B5AE74C-D270-4C10-A958-57980B212A5A): 11
LogDevObjectVersion:   Dev-VR (D7296918-1DD6-4BDD-9DE2-64A83CC13884): 2
LogDevObjectVersion:   Dev-LoadTimes (C2A15278-BFE7-4AFE-6C17-90FF531DF755): 1
LogDevObjectVersion:   Private-Geometry (6EACA3D4-40EC-4CC1-B786-8BED09428FC5): 3
LogDevObjectVersion:   Dev-AnimPhys (29E575DD-E0A3-4627-9D10-D276232CDCEA): 17
LogDevObjectVersion:   Dev-Anim (AF43A65D-7FD3-4947-9873-3E8ED9C1BB05): 2
LogDevObjectVersion:   Dev-ReflectionCapture (6B266CEC-1EC7-4B8F-A30B-E4D90942FC07): 1
LogDevObjectVersion:   Dev-Automation (0DF73D61-A23F-47EA-B727-89E90C41499A): 1
LogDevObjectVersion:   FortniteMain (601D1886-AC64-4F84-AA16-D3DE0DEAC7D6): 25
LogDevObjectVersion:   Dev-Enterprise (9DFFBCD6-494F-0158-E221-12823C92A888): 6
LogDevObjectVersion:   Dev-Niagara (F2AED0AC-9AFE-416F-8664-AA7FFA26D6FC): 1
LogDevObjectVersion:   Dev-Destruction (174F1F0B-B4C6-45A5-B13F-2EE8D0FB917D): 2
LogInit: Presizing for max 16777216 objects, including 0 objects not considered by GC, pre-allocating 0 bytes for permanent pool.
LogInit: Object subsystem initialized
LogConfig: Setting CVar [[con.DebugEarlyDefault:1]]
LogConfig: Setting CVar [[r.setres:1280x720]]
[2021.11.14-11.48.47:188][  0]LogConfig: Setting CVar [[r.VSync:0]]
[2021.11.14-11.48.47:188][  0]LogConfig: Setting CVar [[r.RHICmdBypass:0]]
[2021.11.14-11.48.47:189][  0]LogConfig: Applying CVar settings from Section [/Script/Engine.RendererSettings] File [F:/git hub rep/Unreal game/Unreal_multiplayer_game/MultiplayerGame/Saved/Config/Windows/Engine.ini]
[2021.11.14-11.48.47:189][  0]LogConfig: Setting CVar [[r.GPUCrashDebugging:0]]
[2021.11.14-11.48.47:189][  0]LogConfig: Applying CVar settings from Section [/Script/Engine.RendererOverrideSettings] File [F:/git hub rep/Unreal game/Unreal_multiplayer_game/MultiplayerGame/Saved/Config/Windows/Engine.ini]
[2021.11.14-11.48.47:189][  0]LogConfig: Applying CVar settings from Section [/Script/Engine.StreamingSettings] File [F:/git hub rep/Unreal game/Unreal_multiplayer_game/MultiplayerGame/Saved/Config/Windows/Engine.ini]
[2021.11.14-11.48.47:189][  0]LogConfig: Setting CVar [[s.MinBulkDataSizeForAsyncLoading:131072]]
[2021.11.14-11.48.47:189][  0]LogConfig: Setting CVar [[s.AsyncLoadingThreadEnabled:0]]
[2021.11.14-11.48.47:189][  0]LogConfig: Setting CVar [[s.EventDrivenLoaderEnabled:1]]
[2021.11.14-11.48.47:189][  0]LogConfig: Setting CVar [[s.WarnIfTimeLimitExceeded:0]]
[2021.11.14-11.48.47:189][  0]LogConfig: Setting CVar [[s.TimeLimitExceededMultiplier:1.5]]
[2021.11.14-11.48.47:189][  0]LogConfig: Setting CVar [[s.TimeLimitExceededMinTime:0.005]]
[2021.11.14-11.48.47:189][  0]LogConfig: Setting CVar [[s.UseBackgroundLevelStreaming:1]]
[2021.11.14-11.48.47:189][  0]LogConfig: Setting CVar [[s.PriorityAsyncLoadingExtraTime:15.0]]
[2021.11.14-11.48.47:189][  0]LogConfig: Setting CVar [[s.LevelStreamingActorsUpdateTimeLimit:5.0]]
[2021.11.14-11.48.47:189][  0]LogConfig: Setting CVar [[s.PriorityLevelStreamingActorsUpdateExtraTime:5.0]]
[2021.11.14-11.48.47:189][  0]LogConfig: Setting CVar [[s.LevelStreamingComponentsRegistrationGranularity:10]]
[2021.11.14-11.48.47:189][  0]LogConfig: Setting CVar [[s.UnregisterComponentsTimeLimit:1.0]]
[2021.11.14-11.48.47:189][  0]LogConfig: Setting CVar [[s.LevelStreamingComponentsUnregistrationGranularity:5]]
[2021.11.14-11.48.47:189][  0]LogConfig: Applying CVar settings from Section [/Script/Engine.GarbageCollectionSettings] File [F:/git hub rep/Unreal game/Unreal_multiplayer_game/MultiplayerGame/Saved/Config/Windows/Engine.ini]
[2021.11.14-11.48.47:189][  0]LogConfig: Setting CVar [[gc.MaxObjectsNotConsideredByGC:1]]
[2021.11.14-11.48.47:189][  0]LogConfig: Setting CVar [[gc.SizeOfPermanentObjectPool:0]]
[2021.11.14-11.48.47:189][  0]LogConfig: Setting CVar [[gc.FlushStreamingOnGC:0]]
[2021.11.14-11.48.47:189][  0]LogConfig: Setting CVar [[gc.NumRetriesBeforeForcingGC:10]]
[2021.11.14-11.48.47:189][  0]LogConfig: Setting CVar [[gc.AllowParallelGC:1]]
[2021.11.14-11.48.47:189][  0]LogConfig: Setting CVar [[gc.TimeBetweenPurgingPendingKillObjects:61.1]]
[2021.11.14-11.48.47:189][  0]LogConfig: Setting CVar [[gc.MaxObjectsInEditor:16777216]]
[2021.11.14-11.48.47:189][  0]LogConfig: Setting CVar [[gc.IncrementalBeginDestroyEnabled:1]]
[2021.11.14-11.48.47:189][  0]LogConfig: Setting CVar [[gc.CreateGCClusters:1]]
[2021.11.14-11.48.47:189][  0]LogConfig: Setting CVar [[gc.MinGCClusterSize:5]]
[2021.11.14-11.48.47:189][  0]LogConfig: Setting CVar [[gc.ActorClusteringEnabled:0]]
[2021.11.14-11.48.47:189][  0]LogConfig: Setting CVar [[gc.BlueprintClusteringEnabled:0]]
[2021.11.14-11.48.47:189][  0]LogConfig: Setting CVar [[gc.UseDisregardForGCOnDedicatedServers:0]]
[2021.11.14-11.48.47:189][  0]LogConfig: Applying CVar settings from Section [/Script/Engine.NetworkSettings] File [F:/git hub rep/Unreal game/Unreal_multiplayer_game/MultiplayerGame/Saved/Config/Windows/Engine.ini]
[2021.11.14-11.48.47:189][  0]LogConfig: Applying CVar settings from Section [/Script/UnrealEd.CookerSettings] File [F:/git hub rep/Unreal game/Unreal_multiplayer_game/MultiplayerGame/Saved/Config/Windows/Engine.ini]
[2021.11.14-11.48.47:191][  0]LogConfig: Applying CVar settings from Section [ViewDistanceQuality@3] File [F:/git hub rep/Unreal game/Unreal_multiplayer_game/MultiplayerGame/Saved/Config/Windows/Scalability.ini]
[2021.11.14-11.48.47:191][  0]LogConfig: Setting CVar [[r.SkeletalMeshLODBias:0]]
[2021.11.14-11.48.47:191][  0]LogConfig: Setting CVar [[r.ViewDistanceScale:1.0]]
[2021.11.14-11.48.47:191][  0]LogConfig: Applying CVar settings from Section [AntiAliasingQuality@3] File [F:/git hub rep/Unreal game/Unreal_multiplayer_game/MultiplayerGame/Saved/Config/Windows/Scalability.ini]
[2021.11.14-11.48.47:191][  0]LogConfig: Setting CVar [[r.PostProcessAAQuality:4]]
[2021.11.14-11.48.47:191][  0]LogConfig: Applying CVar settings from Section [ShadowQuality@3] File [F:/git hub rep/Unreal game/Unreal_multiplayer_game/MultiplayerGame/Saved/Config/Windows/Scalability.ini]
[2021.11.14-11.48.47:191][  0]LogConfig: Setting CVar [[r.LightFunctionQuality:1]]
[2021.11.14-11.48.47:191][  0]LogConfig: Setting CVar [[r.ShadowQuality:5]]
[2021.11.14-11.48.47:191][  0]LogConfig: Setting CVar [[r.Shadow.CSM.MaxCascades:10]]
[2021.11.14-11.48.47:191][  0]LogConfig: Setting CVar [[r.Shadow.MaxResolution:2048]]
[2021.11.14-11.48.47:191][  0]LogConfig: Setting CVar [[r.Shadow.MaxCSMResolution:2048]]
[2021.11.14-11.48.47:191][  0]LogConfig: Setting CVar [[r.Shadow.RadiusThreshold:0.01]]
[2021.11.14-11.48.47:191][  0]LogConfig: Setting CVar [[r.Shadow.DistanceScale:1.0]]
[2021.11.14-11.48.47:191][  0]LogConfig: Setting CVar [[r.Shadow.CSM.TransitionScale:1.0]]
[2021.11.14-11.48.47:191][  0]LogConfig: Setting CVar [[r.Shadow.PreShadowResolutionFactor:1.0]]
[2021.11.14-11.48.47:191][  0]LogConfig: Setting CVar [[r.DistanceFieldShadowing:1]]
[2021.11.14-11.48.47:191][  0]LogConfig: Setting CVar [[r.DistanceFieldAO:1]]
[2021.11.14-11.48.47:191][  0]LogConfig: Setting CVar [[r.AOQuality:2]]
[2021.11.14-11.48.47:191][  0]LogConfig: Setting CVar [[r.VolumetricFog:1]]
[2021.11.14-11.48.47:191][  0]LogConfig: Setting CVar [[r.VolumetricFog.GridPixelSize:8]]
[2021.11.14-11.48.47:191][  0]LogConfig: Setting CVar [[r.VolumetricFog.GridSizeZ:128]]
[2021.11.14-11.48.47:191][  0]LogConfig: Setting CVar [[r.VolumetricFog.HistoryMissSupersampleCount:4]]
[2021.11.14-11.48.47:191][  0]LogConfig: Setting CVar [[r.LightMaxDrawDistanceScale:1]]
[2021.11.14-11.48.47:191][  0]LogConfig: Setting CVar [[r.CapsuleShadows:1]]
[2021.11.14-11.48.47:191][  0]LogConfig: Applying CVar settings from Section [PostProcessQuality@3] File [F:/git hub rep/Unreal game/Unreal_multiplayer_game/MultiplayerGame/Saved/Config/Windows/Scalability.ini]
[2021.11.14-11.48.47:191][  0]LogConfig: Setting CVar [[r.MotionBlurQuality:4]]
[2021.11.14-11.48.47:191][  0]LogConfig: Setting CVar [[r.AmbientOcclusionMipLevelFactor:0.4]]
[2021.11.14-11.48.47:191][  0]LogConfig: Setting CVar [[r.AmbientOcclusionMaxQuality:100]]
[2021.11.14-11.48.47:191][  0]LogConfig: Setting CVar [[r.AmbientOcclusionLevels:-1]]
[2021.11.14-11.48.47:191][  0]LogConfig: Setting CVar [[r.AmbientOcclusionRadiusScale:1.0]]
[2021.11.14-11.48.47:191][  0]LogConfig: Setting CVar [[r.DepthOfFieldQuality:2]]
[2021.11.14-11.48.47:191][  0]LogConfig: Setting CVar [[r.RenderTargetPoolMin:400]]
[2021.11.14-11.48.47:191][  0]LogConfig: Setting CVar [[r.LensFlareQuality:2]]
[2021.11.14-11.48.47:191][  0]LogConfig: Setting CVar [[r.SceneColorFringeQuality:1]]
[2021.11.14-11.48.47:191][  0]LogConfig: Setting CVar [[r.EyeAdaptationQuality:2]]
[2021.11.14-11.48.47:191][  0]LogConfig: Setting CVar [[r.BloomQuality:5]]
[2021.11.14-11.48.47:191][  0]LogConfig: Setting CVar [[r.FastBlurThreshold:100]]
[2021.11.14-11.48.47:191][  0]LogConfig: Setting CVar [[r.Upscale.Quality:3]]
[2021.11.14-11.48.47:191][  0]LogConfig: Setting CVar [[r.Tonemapper.GrainQuantization:1]]
[2021.11.14-11.48.47:191][  0]LogConfig: Setting CVar [[r.LightShaftQuality:1]]
[2021.11.14-11.48.47:191][  0]LogConfig: Setting CVar [[r.Filter.SizeScale:1]]
[2021.11.14-11.48.47:191][  0]LogConfig: Setting CVar [[r.Tonemapper.Quality:5]]
[2021.11.14-11.48.47:191][  0]LogConfig: Setting CVar [[r.DOF.Gather.AccumulatorQuality:1        ; higher gathering accumulator quality]]
[2021.11.14-11.48.47:191][  0]LogConfig: Setting CVar [[r.DOF.Gather.PostfilterMethod:1          ; Median3x3 postfilering method]]
[2021.11.14-11.48.47:191][  0]LogConfig: Setting CVar [[r.DOF.Gather.EnableBokehSettings:0       ; no bokeh simulation when gathering]]
[2021.11.14-11.48.47:191][  0]LogConfig: Setting CVar [[r.DOF.Gather.RingCount:4                 ; medium number of samples when gathering]]
[2021.11.14-11.48.47:191][  0]LogConfig: Setting CVar [[r.DOF.Scatter.ForegroundCompositing:1    ; additive foreground scattering]]
[2021.11.14-11.48.47:191][  0]LogConfig: Setting CVar [[r.DOF.Scatter.BackgroundCompositing:2    ; additive background scattering]]
[2021.11.14-11.48.47:191][  0]LogConfig: Setting CVar [[r.DOF.Scatter.EnableBokehSettings:1      ; bokeh simulation when scattering]]
[2021.11.14-11.48.47:191][  0]LogConfig: Setting CVar [[r.DOF.Scatter.MaxSpriteRatio:0.1         ; only a maximum of 10% of scattered bokeh]]
[2021.11.14-11.48.47:191][  0]LogConfig: Setting CVar [[r.DOF.Recombine.Quality:1                ; cheap slight out of focus]]
[2021.11.14-11.48.47:191][  0]LogConfig: Setting CVar [[r.DOF.Recombine.EnableBokehSettings:0    ; no bokeh simulation on slight out of focus]]
[2021.11.14-11.48.47:191][  0]LogConfig: Setting CVar [[r.DOF.TemporalAAQuality:1                ; more stable temporal accumulation]]
[2021.11.14-11.48.47:191][  0]LogConfig: Setting CVar [[r.DOF.Kernel.MaxForegroundRadius:0.025]]
[2021.11.14-11.48.47:191][  0]LogConfig: Setting CVar [[r.DOF.Kernel.MaxBackgroundRadius:0.025]]
[2021.11.14-11.48.47:191][  0]LogConfig: Applying CVar settings from Section [TextureQuality@3] File [F:/git hub rep/Unreal game/Unreal_multiplayer_game/MultiplayerGame/Saved/Config/Windows/Scalability.ini]
[2021.11.14-11.48.47:191][  0]LogConfig: Setting CVar [[r.Streaming.MipBias:0]]
[2021.11.14-11.48.47:191][  0]LogConfig: Setting CVar [[r.Streaming.AmortizeCPUToGPUCopy:0]]
[2021.11.14-11.48.47:191][  0]LogConfig: Setting CVar [[r.Streaming.MaxNumTexturesToStreamPerFrame:0]]
[2021.11.14-11.48.47:191][  0]LogConfig: Setting CVar [[r.Streaming.Boost:1]]
[2021.11.14-11.48.47:191][  0]LogConfig: Setting CVar [[r.MaxAnisotropy:8]]
[2021.11.14-11.48.47:191][  0]LogConfig: Setting CVar [[r.Streaming.LimitPoolSizeToVRAM:0]]
[2021.11.14-11.48.47:191][  0]LogConfig: Setting CVar [[r.Streaming.PoolSize:1000]]
[2021.11.14-11.48.47:192][  0]LogConfig: Setting CVar [[r.Streaming.MaxEffectiveScreenSize:0]]
[2021.11.14-11.48.47:192][  0]LogConfig: Applying CVar settings from Section [EffectsQuality@3] File [F:/git hub rep/Unreal game/Unreal_multiplayer_game/MultiplayerGame/Saved/Config/Windows/Scalability.ini]
[2021.11.14-11.48.47:192][  0]LogConfig: Setting CVar [[r.TranslucencyLightingVolumeDim:64]]
[2021.11.14-11.48.47:192][  0]LogConfig: Setting CVar [[r.RefractionQuality:2]]
[2021.11.14-11.48.47:192][  0]LogConfig: Setting CVar [[r.SSR.Quality:3]]
[2021.11.14-11.48.47:192][  0]LogConfig: Setting CVar [[r.SceneColorFormat:4]]
[2021.11.14-11.48.47:192][  0]LogConfig: Setting CVar [[r.DetailMode:2]]
[2021.11.14-11.48.47:192][  0]LogConfig: Setting CVar [[r.TranslucencyVolumeBlur:1]]
[2021.11.14-11.48.47:192][  0]LogConfig: Setting CVar [[r.MaterialQualityLevel:1 ; High quality]]
[2021.11.14-11.48.47:192][  0]LogConfig: Setting CVar [[r.SSS.Scale:1]]
[2021.11.14-11.48.47:192][  0]LogConfig: Setting CVar [[r.SSS.SampleSet:2]]
[2021.11.14-11.48.47:192][  0]LogConfig: Setting CVar [[r.SSS.Quality:1]]
[2021.11.14-11.48.47:192][  0]LogConfig: Setting CVar [[r.SSS.HalfRes:1]]
[2021.11.14-11.48.47:192][  0]LogConfig: Setting CVar [[r.EmitterSpawnRateScale:1.0]]
[2021.11.14-11.48.47:192][  0]LogConfig: Setting CVar [[r.ParticleLightQuality:2]]
[2021.11.14-11.48.47:192][  0]LogConfig: Applying CVar settings from Section [FoliageQuality@3] File [F:/git hub rep/Unreal game/Unreal_multiplayer_game/MultiplayerGame/Saved/Config/Windows/Scalability.ini]
[2021.11.14-11.48.47:192][  0]LogConfig: Setting CVar [[foliage.DensityScale:1.0]]
[2021.11.14-11.48.47:192][  0]LogConfig: Setting CVar [[grass.DensityScale:1.0]]
[2021.11.14-11.48.47:192][  0]LogInit: Selected Device Profile: [Windows]
[2021.11.14-11.48.47:192][  0]LogInit: Applying CVar settings loaded from the selected device profile: [Windows]
[2021.11.14-11.48.47:200][  0]LogHAL: Display: Platform has ~ 32 GB [34264387584 / 34359738368 / 32], which maps to Largest [LargestMinGB=32, LargerMinGB=12, DefaultMinGB=8, SmallerMinGB=6, SmallestMinGB=0)
[2021.11.14-11.48.47:200][  0]LogConfig: Setting CVar [[r.Vulkan.UseRealUBs:0		; Required until we fix HLR fall-out]]
[2021.11.14-11.48.47:200][  0]LogInit: Going up to parent DeviceProfile []
[2021.11.14-11.48.47:200][  0]LogConfig: Applying CVar settings from Section [ViewDistanceQuality@3] File [F:/git hub rep/Unreal game/Unreal_multiplayer_game/MultiplayerGame/Saved/Config/Windows/Scalability.ini]
[2021.11.14-11.48.47:200][  0]LogConfig: Setting CVar [[r.SkeletalMeshLODBias:0]]
[2021.11.14-11.48.47:201][  0]LogConfig: Setting CVar [[r.ViewDistanceScale:1.0]]
[2021.11.14-11.48.47:201][  0]LogConfig: Applying CVar settings from Section [AntiAliasingQuality@3] File [F:/git hub rep/Unreal game/Unreal_multiplayer_game/MultiplayerGame/Saved/Config/Windows/Scalability.ini]
[2021.11.14-11.48.47:201][  0]LogConfig: Setting CVar [[r.PostProcessAAQuality:4]]
[2021.11.14-11.48.47:201][  0]LogConfig: Applying CVar settings from Section [ShadowQuality@3] File [F:/git hub rep/Unreal game/Unreal_multiplayer_game/MultiplayerGame/Saved/Config/Windows/Scalability.ini]
[2021.11.14-11.48.47:201][  0]LogConfig: Setting CVar [[r.LightFunctionQuality:1]]
[2021.11.14-11.48.47:201][  0]LogConfig: Setting CVar [[r.ShadowQuality:5]]
[2021.11.14-11.48.47:201][  0]LogConfig: Setting CVar [[r.Shadow.CSM.MaxCascades:10]]
[2021.11.14-11.48.47:201][  0]LogConfig: Setting CVar [[r.Shadow.MaxResolution:2048]]
[2021.11.14-11.48.47:201][  0]LogConfig: Setting CVar [[r.Shadow.MaxCSMResolution:2048]]
[2021.11.14-11.48.47:201][  0]LogConfig: Setting CVar [[r.Shadow.RadiusThreshold:0.01]]
[2021.11.14-11.48.47:201][  0]LogConfig: Setting CVar [[r.Shadow.DistanceScale:1.0]]
[2021.11.14-11.48.47:201][  0]LogConfig: Setting CVar [[r.Shadow.CSM.TransitionScale:1.0]]
[2021.11.14-11.48.47:201][  0]LogConfig: Setting CVar [[r.Shadow.PreShadowResolutionFactor:1.0]]
[2021.11.14-11.48.47:201][  0]LogConfig: Setting CVar [[r.DistanceFieldShadowing:1]]
[2021.11.14-11.48.47:201][  0]LogConfig: Setting CVar [[r.DistanceFieldAO:1]]
[2021.11.14-11.48.47:201][  0]LogConfig: Setting CVar [[r.AOQuality:2]]
[2021.11.14-11.48.47:201][  0]LogConfig: Setting CVar [[r.VolumetricFog:1]]
[2021.11.14-11.48.47:201][  0]LogConfig: Setting CVar [[r.VolumetricFog.GridPixelSize:8]]
[2021.11.14-11.48.47:201][  0]LogConfig: Setting CVar [[r.VolumetricFog.GridSizeZ:128]]
[2021.11.14-11.48.47:201][  0]LogConfig: Setting CVar [[r.VolumetricFog.HistoryMissSupersampleCount:4]]
[2021.11.14-11.48.47:201][  0]LogConfig: Setting CVar [[r.LightMaxDrawDistanceScale:1]]
[2021.11.14-11.48.47:201][  0]LogConfig: Setting CVar [[r.CapsuleShadows:1]]
[2021.11.14-11.48.47:201][  0]LogConfig: Applying CVar settings from Section [PostProcessQuality@3] File [F:/git hub rep/Unreal game/Unreal_multiplayer_game/MultiplayerGame/Saved/Config/Windows/Scalability.ini]
[2021.11.14-11.48.47:201][  0]LogConfig: Setting CVar [[r.MotionBlurQuality:4]]
[2021.11.14-11.48.47:201][  0]LogConfig: Setting CVar [[r.AmbientOcclusionMipLevelFactor:0.4]]
[2021.11.14-11.48.47:201][  0]LogConfig: Setting CVar [[r.AmbientOcclusionMaxQuality:100]]
[2021.11.14-11.48.47:201][  0]LogConfig: Setting CVar [[r.AmbientOcclusionLevels:-1]]
[2021.11.14-11.48.47:201][  0]LogConfig: Setting CVar [[r.AmbientOcclusionRadiusScale:1.0]]
[2021.11.14-11.48.47:201][  0]LogConfig: Setting CVar [[r.DepthOfFieldQuality:2]]
[2021.11.14-11.48.47:201][  0]LogConfig: Setting CVar [[r.RenderTargetPoolMin:400]]
[2021.11.14-11.48.47:201][  0]LogConfig: Setting CVar [[r.LensFlareQuality:2]]
[2021.11.14-11.48.47:201][  0]LogConfig: Setting CVar [[r.SceneColorFringeQuality:1]]
[2021.11.14-11.48.47:201][  0]LogConfig: Setting CVar [[r.EyeAdaptationQuality:2]]
[2021.11.14-11.48.47:201][  0]LogConfig: Setting CVar [[r.BloomQuality:5]]
[2021.11.14-11.48.47:201][  0]LogConfig: Setting CVar [[r.FastBlurThreshold:100]]
[2021.11.14-11.48.47:201][  0]LogConfig: Setting CVar [[r.Upscale.Quality:3]]
[2021.11.14-11.48.47:201][  0]LogConfig: Setting CVar [[r.Tonemapper.GrainQuantization:1]]
[2021.11.14-11.48.47:201][  0]LogConfig: Setting CVar [[r.LightShaftQuality:1]]
[2021.11.14-11.48.47:201][  0]LogConfig: Setting CVar [[r.Filter.SizeScale:1]]
[2021.11.14-11.48.47:201][  0]LogConfig: Setting CVar [[r.Tonemapper.Quality:5]]
[2021.11.14-11.48.47:201][  0]LogConfig: Setting CVar [[r.DOF.Gather.AccumulatorQuality:1        ; higher gathering accumulator quality]]
[2021.11.14-11.48.47:201][  0]LogConfig: Setting CVar [[r.DOF.Gather.PostfilterMethod:1          ; Median3x3 postfilering method]]
[2021.11.14-11.48.47:201][  0]LogConfig: Setting CVar [[r.DOF.Gather.EnableBokehSettings:0       ; no bokeh simulation when gathering]]
[2021.11.14-11.48.47:201][  0]LogConfig: Setting CVar [[r.DOF.Gather.RingCount:4                 ; medium number of samples when gathering]]
[2021.11.14-11.48.47:201][  0]LogConfig: Setting CVar [[r.DOF.Scatter.ForegroundCompositing:1    ; additive foreground scattering]]
[2021.11.14-11.48.47:201][  0]LogConfig: Setting CVar [[r.DOF.Scatter.BackgroundCompositing:2    ; additive background scattering]]
[2021.11.14-11.48.47:201][  0]LogConfig: Setting CVar [[r.DOF.Scatter.EnableBokehSettings:1      ; bokeh simulation when scattering]]
[2021.11.14-11.48.47:201][  0]LogConfig: Setting CVar [[r.DOF.Scatter.MaxSpriteRatio:0.1         ; only a maximum of 10% of scattered bokeh]]
[2021.11.14-11.48.47:201][  0]LogConfig: Setting CVar [[r.DOF.Recombine.Quality:1                ; cheap slight out of focus]]
[2021.11.14-11.48.47:201][  0]LogConfig: Setting CVar [[r.DOF.Recombine.EnableBokehSettings:0    ; no bokeh simulation on slight out of focus]]
[2021.11.14-11.48.47:201][  0]LogConfig: Setting CVar [[r.DOF.TemporalAAQuality:1                ; more stable temporal accumulation]]
[2021.11.14-11.48.47:201][  0]LogConfig: Setting CVar [[r.DOF.Kernel.MaxForegroundRadius:0.025]]
[2021.11.14-11.48.47:201][  0]LogConfig: Setting CVar [[r.DOF.Kernel.MaxBackgroundRadius:0.025]]
[2021.11.14-11.48.47:201][  0]LogConfig: Applying CVar settings from Section [TextureQuality@3] File [F:/git hub rep/Unreal game/Unreal_multiplayer_game/MultiplayerGame/Saved/Config/Windows/Scalability.ini]
[2021.11.14-11.48.47:201][  0]LogConfig: Setting CVar [[r.Streaming.MipBias:0]]
[2021.11.14-11.48.47:201][  0]LogConfig: Setting CVar [[r.Streaming.AmortizeCPUToGPUCopy:0]]
[2021.11.14-11.48.47:201][  0]LogConfig: Setting CVar [[r.Streaming.MaxNumTexturesToStreamPerFrame:0]]
[2021.11.14-11.48.47:201][  0]LogConfig: Setting CVar [[r.Streaming.Boost:1]]
[2021.11.14-11.48.47:201][  0]LogConfig: Setting CVar [[r.MaxAnisotropy:8]]
[2021.11.14-11.48.47:201][  0]LogConfig: Setting CVar [[r.Streaming.LimitPoolSizeToVRAM:0]]
[2021.11.14-11.48.47:201][  0]LogConfig: Setting CVar [[r.Streaming.PoolSize:1000]]
[2021.11.14-11.48.47:201][  0]LogConfig: Setting CVar [[r.Streaming.MaxEffectiveScreenSize:0]]
[2021.11.14-11.48.47:201][  0]LogConfig: Applying CVar settings from Section [EffectsQuality@3] File [F:/git hub rep/Unreal game/Unreal_multiplayer_game/MultiplayerGame/Saved/Config/Windows/Scalability.ini]
[2021.11.14-11.48.47:201][  0]LogConfig: Setting CVar [[r.TranslucencyLightingVolumeDim:64]]
[2021.11.14-11.48.47:201][  0]LogConfig: Setting CVar [[r.RefractionQuality:2]]
[2021.11.14-11.48.47:201][  0]LogConfig: Setting CVar [[r.SSR.Quality:3]]
[2021.11.14-11.48.47:201][  0]LogConfig: Setting CVar [[r.SceneColorFormat:4]]
[2021.11.14-11.48.47:201][  0]LogConfig: Setting CVar [[r.DetailMode:2]]
[2021.11.14-11.48.47:201][  0]LogConfig: Setting CVar [[r.TranslucencyVolumeBlur:1]]
[2021.11.14-11.48.47:201][  0]LogConfig: Setting CVar [[r.MaterialQualityLevel:1 ; High quality]]
[2021.11.14-11.48.47:201][  0]LogConfig: Setting CVar [[r.SSS.Scale:1]]
[2021.11.14-11.48.47:201][  0]LogConfig: Setting CVar [[r.SSS.SampleSet:2]]
[2021.11.14-11.48.47:201][  0]LogConfig: Setting CVar [[r.SSS.Quality:1]]
[2021.11.14-11.48.47:201][  0]LogConfig: Setting CVar [[r.SSS.HalfRes:1]]
[2021.11.14-11.48.47:201][  0]LogConfig: Setting CVar [[r.EmitterSpawnRateScale:1.0]]
[2021.11.14-11.48.47:201][  0]LogConfig: Setting CVar [[r.ParticleLightQuality:2]]
[2021.11.14-11.48.47:201][  0]LogConfig: Applying CVar settings from Section [FoliageQuality@3] File [F:/git hub rep/Unreal game/Unreal_multiplayer_game/MultiplayerGame/Saved/Config/Windows/Scalability.ini]
[2021.11.14-11.48.47:201][  0]LogConfig: Setting CVar [[foliage.DensityScale:1.0]]
[2021.11.14-11.48.47:201][  0]LogConfig: Setting CVar [[grass.DensityScale:1.0]]
[2021.11.14-11.48.47:201][  0]LogConfig: Applying CVar settings from Section [Startup] File [../../../Engine/Config/ConsoleVariables.ini]
[2021.11.14-11.48.47:201][  0]LogConfig: Setting CVar [[net.UseAdaptiveNetUpdateFrequency:0]]
[2021.11.14-11.48.47:201][  0]LogConfig: Setting CVar [[p.chaos.AllowCreatePhysxBodies:1]]
[2021.11.14-11.48.47:201][  0]LogConfig: Applying CVar settings from Section [ConsoleVariables] File [F:/git hub rep/Unreal game/Unreal_multiplayer_game/MultiplayerGame/Saved/Config/Windows/Engine.ini]
[2021.11.14-11.48.47:201][  0]LogInit: Computer: DESKTOP-AAQ4PN3
[2021.11.14-11.48.47:201][  0]LogInit: User: user
[2021.11.14-11.48.47:201][  0]LogInit: CPU Page size=4096, Cores=12
[2021.11.14-11.48.47:201][  0]LogInit: High frequency timer resolution =10.000000 MHz
[2021.11.14-11.48.47:201][  0]LogMemory: Memory total: Physical=31.9GB (32GB approx)
[2021.11.14-11.48.47:201][  0]LogMemory: Platform Memory Stats for Windows
[2021.11.14-11.48.47:201][  0]LogMemory: Process Physical Memory: 103.00 MB used, 103.00 MB peak
[2021.11.14-11.48.47:201][  0]LogMemory: Process Virtual Memory: 96.23 MB used, 96.23 MB peak
[2021.11.14-11.48.47:201][  0]LogMemory: Physical Memory: 8298.27 MB used,  24378.80 MB free, 32677.07 MB total
[2021.11.14-11.48.47:201][  0]LogMemory: Virtual Memory: 4717.07 MB used,  134213008.00 MB free, 134217728.00 MB total
[2021.11.14-11.48.47:229][  0]LogInit: Using OS detected language (en-US).
[2021.11.14-11.48.47:229][  0]LogInit: Using OS detected locale (en-US).
[2021.11.14-11.48.47:229][  0]LogTextLocalizationManager: No specific localization for 'en-US' exists, so the 'en' localization will be used.
[2021.11.14-11.48.47:325][  0]LogInit: Setting process to per monitor DPI aware
[2021.11.14-11.48.47:350][  0]LogSlate: New Slate User Created.  User Index 0, Is Virtual User: 0
[2021.11.14-11.48.47:350][  0]LogSlate: Slate User Registered.  User Index 0, Is Virtual User: 0
[2021.11.14-11.48.47:448][  0]LogHMD: Failed to initialize OpenVR with code 110
[2021.11.14-11.48.47:448][  0]LogD3D11RHI: D3D11 adapters:
[2021.11.14-11.48.47:530][  0]LogD3D11RHI:    0. 'NVIDIA GeForce RTX 3080' (Feature Level 11_0)
[2021.11.14-11.48.47:530][  0]LogD3D11RHI:       10078/0/16338 MB DedicatedVideo/DedicatedSystem/SharedSystem, Outputs:1, VendorId:0x10de
[2021.11.14-11.48.47:532][  0]LogD3D11RHI:    1. 'Microsoft Basic Render Driver' (Feature Level 11_0)
[2021.11.14-11.48.47:532][  0]LogD3D11RHI:       0/0/16338 MB DedicatedVideo/DedicatedSystem/SharedSystem, Outputs:0, VendorId:0x1414
[2021.11.14-11.48.47:532][  0]LogD3D11RHI: Chosen D3D11 Adapter: 0
[2021.11.14-11.48.47:542][  0]LogD3D11RHI: Creating new Direct3DDevice
[2021.11.14-11.48.47:542][  0]LogD3D11RHI:     GPU DeviceId: 0x2206 (for the marketing name, search the web for "GPU Device Id")
[2021.11.14-11.48.47:542][  0]LogWindows: EnumDisplayDevices:
[2021.11.14-11.48.47:542][  0]LogWindows:    0. 'NVIDIA GeForce RTX 3080' (P:1 D:1)
[2021.11.14-11.48.47:542][  0]LogWindows:    1. 'NVIDIA GeForce RTX 3080' (P:0 D:0)
[2021.11.14-11.48.47:543][  0]LogWindows:    2. 'NVIDIA GeForce RTX 3080' (P:0 D:0)
[2021.11.14-11.48.47:543][  0]LogWindows:    3. 'NVIDIA GeForce RTX 3080' (P:0 D:0)
[2021.11.14-11.48.47:543][  0]LogWindows: DebugString: FoundDriverCount:4 
[2021.11.14-11.48.47:543][  0]LogD3D11RHI:     Adapter Name: NVIDIA GeForce RTX 3080
[2021.11.14-11.48.47:543][  0]LogD3D11RHI:   Driver Version: 496.49 (internal:30.0.14.9649, unified:496.49)
[2021.11.14-11.48.47:543][  0]LogD3D11RHI:      Driver Date: 10-20-2021
[2021.11.14-11.48.47:543][  0]LogRHI: Texture pool is 7054 MB (70% of 10078 MB)
[2021.11.14-11.48.47:592][  0]LogD3D11RHI: Async texture creation enabled
[2021.11.14-11.48.47:599][  0]LogRendererCore: FGlobalReadBuffer::InitRHI
[2021.11.14-11.48.47:599][  0]LogRendererCore: FGlobalReadBuffer::InitRHI
[2021.11.14-11.48.47:599][  0]LogRendererCore: FGlobalReadBuffer::InitRHI
[2021.11.14-11.48.47:606][  0]LogD3D11RHI: GPU Timing Frequency: 1000.000000 (Debug: 2 1)
[2021.11.14-11.48.47:816][  0]LogTemp: Display: Module 'AllDesktopTargetPlatform' loaded TargetPlatform 'AllDesktop'
[2021.11.14-11.48.47:824][  0]LogTemp: Display: Module 'MacClientTargetPlatform' loaded TargetPlatform 'MacClient'
[2021.11.14-11.48.47:832][  0]LogTemp: Display: Module 'MacNoEditorTargetPlatform' loaded TargetPlatform 'MacNoEditor'
[2021.11.14-11.48.47:840][  0]LogTemp: Display: Module 'MacServerTargetPlatform' loaded TargetPlatform 'MacServer'
[2021.11.14-11.48.47:848][  0]LogTemp: Display: Module 'MacTargetPlatform' loaded TargetPlatform 'Mac'
[2021.11.14-11.48.47:856][  0]LogTemp: Display: Module 'WindowsClientTargetPlatform' loaded TargetPlatform 'WindowsClient'
[2021.11.14-11.48.47:864][  0]LogTemp: Display: Module 'WindowsNoEditorTargetPlatform' loaded TargetPlatform 'WindowsNoEditor'
[2021.11.14-11.48.47:872][  0]LogTemp: Display: Module 'WindowsServerTargetPlatform' loaded TargetPlatform 'WindowsServer'
[2021.11.14-11.48.47:876][  0]LogTemp: Display: Module 'WindowsTargetPlatform' loaded TargetPlatform 'Windows'
[2021.11.14-11.48.47:923][  0]LogTemp: Display: Module 'AndroidTargetPlatform' loaded TargetPlatform 'Android'
[2021.11.14-11.48.47:923][  0]LogTemp: Display: Module 'AndroidTargetPlatform' loaded TargetPlatform 'Android_ASTC'
[2021.11.14-11.48.47:923][  0]LogTemp: Display: Module 'AndroidTargetPlatform' loaded TargetPlatform 'Android_ATC'
[2021.11.14-11.48.47:923][  0]LogTemp: Display: Module 'AndroidTargetPlatform' loaded TargetPlatform 'Android_DXT'
[2021.11.14-11.48.47:923][  0]LogTemp: Display: Module 'AndroidTargetPlatform' loaded TargetPlatform 'Android_ETC1'
[2021.11.14-11.48.47:923][  0]LogTemp: Display: Module 'AndroidTargetPlatform' loaded TargetPlatform 'Android_ETC1a'
[2021.11.14-11.48.47:923][  0]LogTemp: Display: Module 'AndroidTargetPlatform' loaded TargetPlatform 'Android_ETC2'
[2021.11.14-11.48.47:923][  0]LogTemp: Display: Module 'AndroidTargetPlatform' loaded TargetPlatform 'Android_PVRTC'
[2021.11.14-11.48.47:923][  0]LogTemp: Display: Module 'AndroidTargetPlatform' loaded TargetPlatform 'AndroidClient'
[2021.11.14-11.48.47:923][  0]LogTemp: Display: Module 'AndroidTargetPlatform' loaded TargetPlatform 'Android_ASTCClient'
[2021.11.14-11.48.47:923][  0]LogTemp: Display: Module 'AndroidTargetPlatform' loaded TargetPlatform 'Android_ATCClient'
[2021.11.14-11.48.47:923][  0]LogTemp: Display: Module 'AndroidTargetPlatform' loaded TargetPlatform 'Android_DXTClient'
[2021.11.14-11.48.47:923][  0]LogTemp: Display: Module 'AndroidTargetPlatform' loaded TargetPlatform 'Android_ETC1Client'
[2021.11.14-11.48.47:923][  0]LogTemp: Display: Module 'AndroidTargetPlatform' loaded TargetPlatform 'Android_ETC1aClient'
[2021.11.14-11.48.47:923][  0]LogTemp: Display: Module 'AndroidTargetPlatform' loaded TargetPlatform 'Android_ETC2Client'
[2021.11.14-11.48.47:923][  0]LogTemp: Display: Module 'AndroidTargetPlatform' loaded TargetPlatform 'Android_PVRTCClient'
[2021.11.14-11.48.47:923][  0]LogTemp: Display: Module 'AndroidTargetPlatform' loaded TargetPlatform 'Android_Multi'
[2021.11.14-11.48.47:923][  0]LogTemp: Display: Module 'AndroidTargetPlatform' loaded TargetPlatform 'Android_MultiClient'
[2021.11.14-11.48.47:924][  0]LogTemp: Display: Module 'HTML5TargetPlatform' loaded TargetPlatform 'HTML5'
[2021.11.14-11.48.47:962][  0]LogTemp: Display: Module 'IOSTargetPlatform' loaded TargetPlatform 'IOSClient'
[2021.11.14-11.48.47:962][  0]LogTemp: Display: Module 'IOSTargetPlatform' loaded TargetPlatform 'IOS'
[2021.11.14-11.48.47:977][  0]LogTemp: Display: Module 'TVOSTargetPlatform' loaded TargetPlatform 'TVOSClient'
[2021.11.14-11.48.47:977][  0]LogTemp: Display: Module 'TVOSTargetPlatform' loaded TargetPlatform 'TVOS'
[2021.11.14-11.48.47:985][  0]LogTemp: Display: Module 'LinuxClientTargetPlatform' loaded TargetPlatform 'LinuxClient'
[2021.11.14-11.48.47:993][  0]LogTemp: Display: Module 'LinuxNoEditorTargetPlatform' loaded TargetPlatform 'LinuxNoEditor'
[2021.11.14-11.48.48:000][  0]LogTemp: Display: Module 'LinuxServerTargetPlatform' loaded TargetPlatform 'LinuxServer'
[2021.11.14-11.48.48:008][  0]LogTemp: Display: Module 'LinuxTargetPlatform' loaded TargetPlatform 'Linux'
[2021.11.14-11.48.48:033][  0]LogTemp: Display: Module 'LuminTargetPlatform' loaded TargetPlatform 'Lumin'
[2021.11.14-11.48.48:033][  0]LogTemp: Display: Module 'LuminTargetPlatform' loaded TargetPlatform 'LuminClient'
[2021.11.14-11.48.48:033][  0]LogTargetPlatformManager: Display: Building Assets For Windows
[2021.11.14-11.48.48:038][  0]LogAudioDebug: Display: Lib vorbis DLL was dynamically loaded.
[2021.11.14-11.48.48:063][  0]LogShaderCompilers: Guid format shader working directory is -22 characters bigger than the processId version (F:/git hub rep/Unreal game/Unreal_multiplayer_game/MultiplayerGame/Intermediate/Shaders/WorkingDirectory/19016/).
[2021.11.14-11.48.48:063][  0]LogShaderCompilers: Cleaned the shader compiler working directory 'C:/Users/user/AppData/Local/Temp/UnrealShaderWorkingDir/D4F6E70948F8C31F6053EDB126000476/'.
[2021.11.14-11.48.48:064][  0]LogXGEController: Cannot use XGE Controller as Incredibuild is not installed on this machine.
[2021.11.14-11.48.48:064][  0]LogShaderCompilers: Cannot use XGE Shader Compiler as Incredibuild is not installed on this machine.
[2021.11.14-11.48.48:064][  0]LogShaderCompilers: Display: Using Local Shader Compiler.
[2021.11.14-11.48.48:415][  0]LogDerivedDataCache: Display: Max Cache Size: 512 MB
[2021.11.14-11.48.48:452][  0]LogDerivedDataCache: Loaded boot cache 0.04s 71MB C:/Users/user/AppData/Local/UnrealEngine/4.22/DerivedDataCache/Boot.ddc.
[2021.11.14-11.48.48:452][  0]LogDerivedDataCache: Display: Loaded Boot cache: C:/Users/user/AppData/Local/UnrealEngine/4.22/DerivedDataCache/Boot.ddc
[2021.11.14-11.48.48:452][  0]LogDerivedDataCache: FDerivedDataBackendGraph:  Pak pak cache file F:/git hub rep/Unreal game/Unreal_multiplayer_game/MultiplayerGame/DerivedDataCache/DDC.ddp not found, will not use a pak cache.
[2021.11.14-11.48.48:452][  0]LogDerivedDataCache: Unable to find inner node Pak for hierarchical cache Hierarchy.
[2021.11.14-11.48.48:452][  0]LogDerivedDataCache: FDerivedDataBackendGraph:  CompressedPak pak cache file F:/git hub rep/Unreal game/Unreal_multiplayer_game/MultiplayerGame/DerivedDataCache/Compressed.ddp not found, will not use a pak cache.
[2021.11.14-11.48.48:452][  0]LogDerivedDataCache: Unable to find inner node CompressedPak for hierarchical cache Hierarchy.
[2021.11.14-11.48.48:462][  0]LogDerivedDataCache: Display: Pak cache opened for reading ../../../Engine/DerivedDataCache/Compressed.ddp.
[2021.11.14-11.48.48:462][  0]LogDerivedDataCache: FDerivedDataBackendGraph:  EnterprisePak pak cache file ../../../Enterprise/DerivedDataCache/Compressed.ddp not found, will not use a pak cache.
[2021.11.14-11.48.48:462][  0]LogDerivedDataCache: Unable to find inner node EnterprisePak for hierarchical cache Hierarchy.
[2021.11.14-11.48.48:474][  0]LogDerivedDataCache: Using Local data cache path C:/Users/user/AppData/Local/UnrealEngine/Common/DerivedDataCache: Writable
[2021.11.14-11.48.48:474][  0]LogDerivedDataCache: Shared data cache path not found in *engine.ini, will not use an Shared cache.
[2021.11.14-11.48.48:474][  0]LogDerivedDataCache: Unable to find inner node Shared for hierarchical cache Hierarchy.
[2021.11.14-11.48.48:490][  0]LogMaterial: Verifying Global Shaders for PCD3D_SM5
[2021.11.14-11.48.48:491][  0]LogSlate: Using FreeType 2.6.0
[2021.11.14-11.48.48:491][  0]LogSlate: SlateFontServices - WITH_FREETYPE: 1, WITH_HARFBUZZ: 1
[2021.11.14-11.48.48:554][  0]LogAssetRegistry: FAssetRegistry took 0.0296 seconds to start up
[2021.11.14-11.48.48:765][  0]LogInit: Selected Device Profile: [Windows]
[2021.11.14-11.48.48:846][  0]LogMeshReduction: Using QuadricMeshReduction for automatic static mesh reduction
[2021.11.14-11.48.48:846][  0]LogMeshReduction: Using SimplygonMeshReduction for automatic skeletal mesh reduction
[2021.11.14-11.48.48:846][  0]LogMeshReduction: Using ProxyLODMeshReduction for automatic mesh merging
[2021.11.14-11.48.48:846][  0]LogMeshReduction: No distributed automatic mesh merging module available
[2021.11.14-11.48.48:846][  0]LogMeshMerging: No distributed automatic mesh merging module available
[2021.11.14-11.48.48:853][  0]LogNetVersion: MultiplayerGame 1.0.0, NetCL: 5660361, EngineNetVer: 10, GameNetVer: 0 (Checksum: 3130223680)
[2021.11.14-11.48.49:090][  0]LogPackageLocalizationCache: Processed 10 localized package path(s) for 1 prioritized culture(s) in 0.017064 seconds
[2021.11.14-11.48.49:094][  0]LogUObjectArray: 42205 objects as part of root set at end of initial load.
[2021.11.14-11.48.49:094][  0]LogUObjectAllocator: 7325032 out of 0 bytes used by permanent object pool.
[2021.11.14-11.48.49:094][  0]LogUObjectArray: CloseDisregardForGC: 0/0 objects in disregard for GC pool
[2021.11.14-11.48.49:602][  0]LogTcpMessaging: Initializing TcpMessaging bridge
[2021.11.14-11.48.49:616][  0]LogUdpMessaging: Initializing bridge on interface 0.0.0.0:0 to multicast group 230.0.0.1:6666.
[2021.11.14-11.48.49:702][  0]SourceControl: Source control is disabled
[2021.11.14-11.48.49:702][  0]SourceControl: Source control is disabled
[2021.11.14-11.48.49:703][  0]SourceControl: Source control is disabled
[2021.11.14-11.48.49:703][  0]SourceControl: Source control is disabled
[2021.11.14-11.48.49:751][  0]LogAndroidPermission: UAndroidPermissionCallbackProxy::GetInstance
[2021.11.14-11.48.49:812][  0]LogOcInput: OculusInput pre-init called
[2021.11.14-11.48.50:244][  0]LogEngine: Initializing Engine...
[2021.11.14-11.48.50:245][  0]LogHMD: Failed to initialize OpenVR with code 110
[2021.11.14-11.48.50:245][  0]LogStats: UGameplayTagsManager::InitializeManager -  0.000 s
[2021.11.14-11.48.50:370][  0]LogInit: Initializing FReadOnlyCVARCache
[2021.11.14-11.48.50:377][  0]LogAIModule: Creating AISystem for world Untitled
[2021.11.14-11.48.50:393][  0]LogInit: XAudio2 using 'HyperX (HyperX Virtual Surround Sound)' : 2 channels at 48 kHz using 16 bits per sample (channel mask 0x3)
[2021.11.14-11.48.50:405][  0]LogInit: FAudioDevice initialized.
[2021.11.14-11.48.50:406][  0]LogNetVersion: Set ProjectVersion to 1.0.0.0. Version Checksum will be recalculated on next use.
[2021.11.14-11.48.50:710][  0]LogDerivedDataCache: Saved boot cache 0.30s 71MB C:/Users/user/AppData/Local/UnrealEngine/4.22/DerivedDataCache/Boot.ddc.
[2021.11.14-11.48.50:711][  0]LogInit: Texture streaming: Enabled
[2021.11.14-11.48.50:721][  0]LogEngineSessionManager: EngineSessionManager initialized
[2021.11.14-11.48.50:736][  0]LogInit: Transaction tracking system initialized
[2021.11.14-11.48.50:747][  0]BlueprintLog: New page: Editor Load
[2021.11.14-11.48.50:792][  0]LocalizationService: Localization service is disabled
[2021.11.14-11.48.50:964][  0]LogFileCache: Scanning file cache for directory 'F:/git hub rep/Unreal game/Unreal_multiplayer_game/MultiplayerGame/Content/' took 0.01s
[2021.11.14-11.48.50:964][  0]LogCook: Display: Max memory allowance for cook 16384mb min free memory 0mb
[2021.11.14-11.48.50:964][  0]LogCook: Display: Mobile HDR setting 1
[2021.11.14-11.48.51:065][  0]SourceControl: Source control is disabled
[2021.11.14-11.48.51:065][  0]Cmd: MAP LOAD FILE="F:/git hub rep/Unreal game/Unreal_multiplayer_game/MultiplayerGame/Content/FirstPersonBP/Maps/FirstPersonExampleMap.umap" TEMPLATE=0 SHOWPROGRESS=1 FEATURELEVEL=3
[2021.11.14-11.48.51:066][  0]LightingResults: New page: Lighting Build
[2021.11.14-11.48.51:067][  0]MapCheck: New page: Map Check
[2021.11.14-11.48.51:067][  0]LightingResults: New page: Lighting Build
[2021.11.14-11.48.51:100][  0]LogUObjectHash: Compacting FUObjectHashTables data took   1.23ms
[2021.11.14-11.48.51:248][  0]LogMaterial: Display: Missing cached shader map for material CubeMaterial, compiling. 
[2021.11.14-11.48.51:380][  0]LogAIModule: Creating AISystem for world FirstPersonExampleMap
[2021.11.14-11.48.51:386][  0]LogEditorServer: Finished looking for orphan Actors (0.000 secs)
[2021.11.14-11.48.51:420][  0]LogUObjectHash: Compacting FUObjectHashTables data took   1.79ms
[2021.11.14-11.48.51:420][  0]Cmd: MAP CHECKDEP NOCLEARLOG
[2021.11.14-11.48.51:421][  0]MapCheck: Map check complete: 0 Error(s), 0 Warning(s), took 0.09ms to complete.
[2021.11.14-11.48.51:421][  0]LogFileHelpers: Loading map 'FirstPersonExampleMap' took 0.355
[2021.11.14-11.48.51:506][  0]LogSlate: Updating window title bar state: overlay mode, drag disabled, window buttons hidden, title bar hidden
[2021.11.14-11.48.51:511][  0]LogSlate: Updating window title bar state: overlay mode, drag disabled, window buttons hidden, title bar hidden
[2021.11.14-11.48.51:515][  0]LogSlate: Updating window title bar state: overlay mode, drag disabled, window buttons hidden, title bar hidden
[2021.11.14-11.48.51:520][  0]LogSlate: Updating window title bar state: overlay mode, drag disabled, window buttons hidden, title bar hidden
[2021.11.14-11.48.51:523][  0]LogCollectionManager: Loaded 0 collections in 0.000494 seconds
[2021.11.14-11.48.51:547][  0]LogFileCache: Scanning file cache for directory 'F:/git hub rep/Unreal game/Unreal_multiplayer_game/MultiplayerGame/Saved/Collections/' took 0.01s
[2021.11.14-11.48.51:547][  0]LogFileCache: Scanning file cache for directory 'F:/git hub rep/Unreal game/Unreal_multiplayer_game/MultiplayerGame/Content/Developers/user/Collections/' took 0.00s
[2021.11.14-11.48.51:547][  0]LogFileCache: Scanning file cache for directory 'F:/git hub rep/Unreal game/Unreal_multiplayer_game/MultiplayerGame/Content/Collections/' took 0.01s
[2021.11.14-11.48.51:547][  0]LogCollectionManager: Rebuilt the GUID cache for 0 collections in 0.000000 seconds
[2021.11.14-11.48.51:554][  0]LogContentBrowser: Native class hierarchy populated in 0.0065 seconds. Added 2732 classes and 659 folders.
[2021.11.14-11.48.51:556][  0]LogContentBrowser: Native class hierarchy updated for 'WidgetCarousel' in 0.0002 seconds. Added 0 classes and 0 folders.
[2021.11.14-11.48.51:557][  0]LogPakFile: Registered encryption key '00000000000000000000000000000000': 0 pak files mounted, 0 remain pending
[2021.11.14-11.48.51:558][  0]LogPakFile: Registered encryption key '00000000000000000000000000000000': 0 pak files mounted, 0 remain pending
[2021.11.14-11.48.51:558][  0]LogPakFile: Registered encryption key '00000000000000000000000000000000': 0 pak files mounted, 0 remain pending
[2021.11.14-11.48.51:558][  0]LogPakFile: Registered encryption key '00000000000000000000000000000000': 0 pak files mounted, 0 remain pending
[2021.11.14-11.48.51:558][  0]LogPakFile: Registered encryption key '00000000000000000000000000000000': 0 pak files mounted, 0 remain pending
[2021.11.14-11.48.51:559][  0]LogPakFile: Registered encryption key '00000000000000000000000000000000': 0 pak files mounted, 0 remain pending
[2021.11.14-11.48.51:559][  0]LogPakFile: Registered encryption key '00000000000000000000000000000000': 0 pak files mounted, 0 remain pending
[2021.11.14-11.48.51:559][  0]LogPakFile: Registered encryption key '00000000000000000000000000000000': 0 pak files mounted, 0 remain pending
[2021.11.14-11.48.51:559][  0]LogPakFile: Registered encryption key '00000000000000000000000000000000': 0 pak files mounted, 0 remain pending
[2021.11.14-11.48.51:560][  0]LogPakFile: Registered encryption key '00000000000000000000000000000000': 0 pak files mounted, 0 remain pending
[2021.11.14-11.48.51:560][  0]LogPakFile: Registered encryption key '00000000000000000000000000000000': 0 pak files mounted, 0 remain pending
[2021.11.14-11.48.51:560][  0]LogPakFile: Registered encryption key '00000000000000000000000000000000': 0 pak files mounted, 0 remain pending
[2021.11.14-11.48.51:560][  0]LogPakFile: Registered encryption key '00000000000000000000000000000000': 0 pak files mounted, 0 remain pending
[2021.11.14-11.48.51:561][  0]LogPakFile: Registered encryption key '00000000000000000000000000000000': 0 pak files mounted, 0 remain pending
[2021.11.14-11.48.51:561][  0]LogPakFile: Registered encryption key '00000000000000000000000000000000': 0 pak files mounted, 0 remain pending
[2021.11.14-11.48.51:561][  0]LogPakFile: Registered encryption key '00000000000000000000000000000000': 0 pak files mounted, 0 remain pending
[2021.11.14-11.48.51:561][  0]LogPakFile: Registered encryption key '00000000000000000000000000000000': 0 pak files mounted, 0 remain pending
[2021.11.14-11.48.51:562][  0]LogPakFile: Registered encryption key '00000000000000000000000000000000': 0 pak files mounted, 0 remain pending
[2021.11.14-11.48.51:562][  0]LogPakFile: Registered encryption key '00000000000000000000000000000000': 0 pak files mounted, 0 remain pending
[2021.11.14-11.48.51:562][  0]LogPakFile: Registered encryption key '00000000000000000000000000000000': 0 pak files mounted, 0 remain pending
[2021.11.14-11.48.51:562][  0]LogPakFile: Registered encryption key '00000000000000000000000000000000': 0 pak files mounted, 0 remain pending
[2021.11.14-11.48.51:563][  0]LogPakFile: Registered encryption key '00000000000000000000000000000000': 0 pak files mounted, 0 remain pending
[2021.11.14-11.48.51:563][  0]LogPakFile: Registered encryption key '00000000000000000000000000000000': 0 pak files mounted, 0 remain pending
[2021.11.14-11.48.51:563][  0]LogPakFile: Registered encryption key '00000000000000000000000000000000': 0 pak files mounted, 0 remain pending
[2021.11.14-11.48.51:563][  0]LogPakFile: Registered encryption key '00000000000000000000000000000000': 0 pak files mounted, 0 remain pending
[2021.11.14-11.48.51:564][  0]LogPakFile: Registered encryption key '00000000000000000000000000000000': 0 pak files mounted, 0 remain pending
[2021.11.14-11.48.51:577][  0]LogContentBrowser: Native class hierarchy updated for 'AddContentDialog' in 0.0002 seconds. Added 0 classes and 0 folders.
[2021.11.14-11.48.51:581][  0]LogContentBrowser: Native class hierarchy updated for 'SceneOutliner' in 0.0002 seconds. Added 1 classes and 2 folders.
[2021.11.14-11.48.51:592][  0]LogSlate: Took 0.000106 seconds to synchronously load lazily loaded font '../../../Engine/Content/Slate/Fonts/Roboto-Regular.ttf' (155K)
[2021.11.14-11.48.51:593][  0]LogSlate: Took 0.000083 seconds to synchronously load lazily loaded font '../../../Engine/Content/Slate/Fonts/Roboto-Bold.ttf' (160K)
[2021.11.14-11.48.51:596][  0]LogSlate: Took 0.000079 seconds to synchronously load lazily loaded font '../../../Engine/Content/Editor/Slate/Fonts/FontAwesome.ttf' (139K)
[2021.11.14-11.48.51:635][  0]LogRenderer: Reallocating scene render targets to support 1208x572 Format 10 NumSamples 1 (Frame:1).
[2021.11.14-11.48.51:730][  0]LogContentBrowser: Native class hierarchy updated for 'HierarchicalLODOutliner' in 0.0002 seconds. Added 0 classes and 0 folders.
[2021.11.14-11.48.51:730][  0]LogLoad: (Engine Initialization) Total time: 7.01 seconds
[2021.11.14-11.48.51:730][  0]LogLoad: (Engine Initialization) Total Blueprint compile time: 0.00 seconds
[2021.11.14-11.48.51:740][  0]Cmd: ACTOR HIDE SELECTED
[2021.11.14-11.48.51:876][  0]LogContentStreaming: Texture pool size now 1000 MB
[2021.11.14-11.48.51:887][  0]LogSlate: Took 0.000090 seconds to synchronously load lazily loaded font '../../../Engine/Content/Slate/Fonts/Roboto-Light.ttf' (167K)
[2021.11.14-11.48.59:660][896]LogAssetRegistry: Asset discovery search completed in 11.1295 seconds
[2021.11.14-11.48.59:662][896]LogCollectionManager: Rebuilt the object cache for 0 collections in 0.000000 seconds (found 0 objects)
[2021.11.14-11.48.59:662][896]LogCollectionManager: Fixed up redirectors for 0 collections in 0.000026 seconds (updated 0 objects)
[2021.11.14-11.49.06:434][706]LogEditorViewport: Clicking on Actor (LMB): StaticMeshActor (Floor)
[2021.11.14-11.49.07:392][706]LogEditorViewport: Clicking on Component (LMB): StaticMeshComponent (StaticMeshComponent0)
[2021.11.14-11.49.08:805][852]LogEditorViewport: Clicking on Actor (LMB): StaticMeshActor (BigWall)
[2021.11.14-11.49.08:860][856]LogEditorViewport: Clicking on Component (LMB): StaticMeshComponent (StaticMeshComponent0)
[2021.11.14-11.49.09:375][916]LogEditorViewport: Clicking on Actor (LMB): StaticMeshActor (Floor)
[2021.11.14-11.49.09:463][924]LogEditorViewport: Clicking on Component (LMB): StaticMeshComponent (StaticMeshComponent0)
[2021.11.14-11.49.12:673][307]LogSlate: FSceneViewport::OnFocusLost() reason 2
[2021.11.14-11.49.12:678][307]LogSlate: Took 0.000114 seconds to synchronously load lazily loaded font '../../../Engine/Content/Slate/Fonts/Roboto-Light.ttf' (167K)
[2021.11.14-11.49.16:875][802]LogAssetEditorManager: Opening Asset editor for Material /Game/Geometry/Meshes/CubeMaterial.CubeMaterial
[2021.11.14-11.49.16:921][802]LogMaterial: Display: Missing cached shader map for material CubeMaterial, compiling. 
[2021.11.14-11.49.17:548][802]LogMaterial: Display: Missing cached shader map for material CubeMaterial, compiling. 
[2021.11.14-11.49.17:561][802]LogMaterial: Display: Missing cached shader map for material CubeMaterial, compiling. 
[2021.11.14-11.49.17:591][802]LogShaderCompilers: Display: Shaders left to compile 30
[2021.11.14-11.49.17:591][802]LogShaderCompilers: Display: Shaders left to compile 20
[2021.11.14-11.49.17:603][802]LogMaterial: Display: Missing cached shader map for material FMatExpressionPreview MaterialExpressionConstant3Vector_0, compiling. 
[2021.11.14-11.49.17:637][802]LogSlate: Took 0.019665 seconds to synchronously load lazily loaded font '../../../Engine/Content/Slate/Fonts/Roboto-BoldCondensed.ttf' (158K)
[2021.11.14-11.49.17:985][806]LogShaderCompilers: Display: Shaders left to compile 10
[2021.11.14-11.49.18:471][830]MaterialEditorStats: Base pass shader: 108 instructions
[2021.11.14-11.49.18:471][830]MaterialEditorStats: Base pass shader with Surface Lightmap: 136 instructions
[2021.11.14-11.49.18:471][830]MaterialEditorStats: Base pass shader with Volumetric Lightmap: 182 instructions
[2021.11.14-11.49.18:471][830]MaterialEditorStats: Base pass vertex shader: 41 instructions
[2021.11.14-11.49.18:471][830]MaterialEditorStats: Texture samplers: 3/16
[2021.11.14-11.49.27:669][916]LogMaterial: Display: Missing cached shader map for material FMatExpressionPreview MaterialExpressionConstant3Vector_0, compiling. 
[2021.11.14-11.49.27:696][916]LogMaterial: Display: Missing cached shader map for material CubeMaterial, compiling. 
[2021.11.14-11.49.27:707][916]LogShaderCompilers: Display: Shaders left to compile 30
[2021.11.14-11.49.27:707][916]LogShaderCompilers: Display: Shaders left to compile 20
[2021.11.14-11.49.27:917][926]LogShaderCompilers: Display: Shaders left to compile 10
[2021.11.14-11.49.28:411][952]MaterialEditorStats: Base pass shader: 108 instructions
[2021.11.14-11.49.28:411][952]MaterialEditorStats: Base pass shader with Surface Lightmap: 136 instructions
[2021.11.14-11.49.28:411][952]MaterialEditorStats: Base pass shader with Volumetric Lightmap: 182 instructions
[2021.11.14-11.49.28:411][952]MaterialEditorStats: Base pass vertex shader: 41 instructions
[2021.11.14-11.49.28:411][952]MaterialEditorStats: Texture samplers: 3/16
[2021.11.14-11.49.28:655][981]LogMaterial: Display: Missing cached shader map for material CubeMaterial, compiling. 
[2021.11.14-11.49.28:672][981]LogMaterial: Display: Missing cached shader map for material FMatExpressionPreview MaterialExpressionConstant3Vector_0, compiling. 
[2021.11.14-11.49.28:685][981]LogShaderCompilers: Display: Shaders left to compile 30
[2021.11.14-11.49.28:685][981]LogShaderCompilers: Display: Shaders left to compile 20
[2021.11.14-11.49.28:703][981]LogMaterial: Display: Missing cached shader map for material FMatExpressionPreview MaterialExpressionConstant3Vector_0, compiling. 
[2021.11.14-11.49.28:733][981]LogMaterial: Display: Missing cached shader map for material CubeMaterial, compiling. 
[2021.11.14-11.49.28:759][981]LogMaterial: Display: Missing cached shader map for material FMatExpressionPreview MaterialExpressionConstant3Vector_0, compiling. 
[2021.11.14-11.49.28:792][981]LogMaterial: Display: Missing cached shader map for material CubeMaterial, compiling. 
[2021.11.14-11.49.28:818][981]LogSlate: Window 'Color Picker' being destroyed
[2021.11.14-11.49.28:920][983]LogShaderCompilers: Display: Shaders left to compile 30
[2021.11.14-11.49.29:132][992]LogShaderCompilers: Display: Shaders left to compile 20
[2021.11.14-11.49.29:208][997]LogShaderCompilers: Display: Shaders left to compile 10
[2021.11.14-11.49.29:754][ 26]MaterialEditorStats: Base pass shader: 108 instructions
[2021.11.14-11.49.29:754][ 26]MaterialEditorStats: Base pass shader with Surface Lightmap: 136 instructions
[2021.11.14-11.49.29:754][ 26]MaterialEditorStats: Base pass shader with Volumetric Lightmap: 182 instructions
[2021.11.14-11.49.29:754][ 26]MaterialEditorStats: Base pass vertex shader: 41 instructions
[2021.11.14-11.49.29:754][ 26]MaterialEditorStats: Texture samplers: 3/16
[2021.11.14-11.49.32:220][198]LogSlate: Window 'Message' being destroyed
[2021.11.14-11.49.32:463][198]LogMaterial: Display: Missing cached shader map for material CubeMaterial, compiling. 
[2021.11.14-11.49.32:497][198]LogShaderCompilers: Display: Shaders left to compile 30
[2021.11.14-11.49.32:497][198]LogShaderCompilers: Display: Shaders left to compile 20
[2021.11.14-11.49.32:504][198]LogMaterial: Display: Missing cached shader map for material CubeMaterial, compiling. 
[2021.11.14-11.49.32:520][198]LogMaterial: Display: Missing cached shader map for material CubeMaterial, compiling. 
[2021.11.14-11.49.32:574][198]LogUObjectHash: Compacting FUObjectHashTables data took   1.70ms
[2021.11.14-11.49.32:582][198]LogMaterial: Display: Missing cached shader map for material DebugViewMode MaterialTexCoordScale, compiling. 
[2021.11.14-11.49.33:050][198]LogShaderCompilers: Display: Shaders left to compile 40
[2021.11.14-11.49.33:055][198]TextureStreamingBuild: Display: Compiling optional shaders took 0.481 seconds.
[2021.11.14-11.49.33:113][198]LogUObjectHash: Compacting FUObjectHashTables data took   0.79ms
[2021.11.14-11.49.33:119][198]LogSlate: Window 'CubeMaterial' being destroyed
[2021.11.14-11.49.33:120][198]LogSlate: Window 'CubeMaterial' being destroyed
[2021.11.14-11.49.35:792][502]LogSlate: FSceneViewport::OnFocusLost() reason 2
[2021.11.14-11.49.35:830][502]LogUObjectHash: Compacting FUObjectHashTables data took   1.15ms
[2021.11.14-11.49.36:119][502]LogSavePackage: Moving 'F:/git hub rep/Unreal game/Unreal_multiplayer_game/MultiplayerGame/Saved/FirstPersonExampleMap0A9B739A4F365FDF90A6E79B9D97DECC.tmp' to 'F:/git hub rep/Unreal game/Unreal_multiplayer_game/MultiplayerGame/Content/FirstPersonBP/Maps/FirstPersonExampleMap.umap'
[2021.11.14-11.49.36:579][502]LogSavePackage: Moving 'F:/git hub rep/Unreal game/Unreal_multiplayer_game/MultiplayerGame/Saved/FirstPersonExampleMap_BuiltDataA757A36C45E1E10CC7CAF495108F0950.tmp' to 'F:/git hub rep/Unreal game/Unreal_multiplayer_game/MultiplayerGame/Content/FirstPersonBP/Maps/FirstPersonExampleMap_BuiltData.uasset'
[2021.11.14-11.49.37:778][641]LogSlate: FSceneViewport::OnFocusLost() reason 0
